{"C:\\Users\\jamal\\Documents\\CourseBWA\\testingVueApp\\2_test_with_jest.js": {"path":"C:\\Users\\jamal\\Documents\\CourseBWA\\testingVueApp\\2_test_with_jest.js","statementMap":{"0":{"start":{"line":1,"column":22},"end":{"line":12,"column":1}},"1":{"start":{"line":3,"column":4},"end":{"line":5,"column":5}},"2":{"start":{"line":4,"column":8},"end":{"line":4,"column":41}},"3":{"start":{"line":7,"column":24},"end":{"line":7,"column":26}},"4":{"start":{"line":8,"column":21},"end":{"line":8,"column":39}},"5":{"start":{"line":9,"column":16},"end":{"line":9,"column":41}},"6":{"start":{"line":10,"column":23},"end":{"line":10,"column":45}},"7":{"start":{"line":11,"column":4},"end":{"line":11,"column":56}},"8":{"start":{"line":14,"column":0},"end":{"line":14,"column":31}}},"fnMap":{"0":{"name":"(anonymous_0)","decl":{"start":{"line":1,"column":22},"end":{"line":1,"column":23}},"loc":{"start":{"line":1,"column":39},"end":{"line":12,"column":1}},"line":1}},"branchMap":{"0":{"loc":{"start":{"line":3,"column":4},"end":{"line":5,"column":5}},"type":"if","locations":[{"start":{"line":3,"column":4},"end":{"line":5,"column":5}},{"start":{"line":3,"column":4},"end":{"line":5,"column":5}}],"line":3},"1":{"loc":{"start":{"line":3,"column":7},"end":{"line":3,"column":62}},"type":"binary-expr","locations":[{"start":{"line":3,"column":7},"end":{"line":3,"column":33}},{"start":{"line":3,"column":37},"end":{"line":3,"column":62}}],"line":3}},"s":{"0":1,"1":2,"2":1,"3":1,"4":1,"5":1,"6":1,"7":1,"8":1},"f":{"0":2},"b":{"0":[1,1],"1":[2,1]},"_coverageSchema":"1a1c01bbd47fc00a2c39e90264f33305004495a9","hash":"6eec6dbec5a4408b962db602d74a7e0b4221c929"}
}
